[    0.00000] Linux version 4.15.0-54-generic (buildd@lgw01-amd64-014 (gcc version .4.0 (Ubuntu .4.0-1ubuntu1~1804.1)) #58-Ubuntu SMP Mon Jun 4 10:55:24 UTC 201 (Ubuntu 4.15.054.58-gneric 4.15.18)
[    0.000000 Commad line: BOOT_IMAGE=/boot/vmlinuz-4.15.0-54-generic root=UUID=577683f3-be87-44b1-87ee-623fe35e3c71 ro console=tty1 console=ttyS0
[    0.000000] KERNEL supported cpus:
[    0.000000]   Intel GenuineIntel
[    0.000000]   AMD AuthenticAMD
[    0.000000]   Centaur CentaurHauls
[    0.000000] x86/fpu: Supporting XSAVE feature 0x001: 'x87 floating point registers'
[    0.000000] x86/fpu: Supporting XSAVE feature 0x002: 'SSE registers'
[    0.000000] x86/fpu: Supporting XSAVE feature 0x004: 'AVX registers'
[    0.000000] x86/fpu: xstate_offset[2]:  576, xstate_sizes[2]:  256
[    0.000000] x86/fpu: Enabled xstate features 0x7, context size is 832 bytes, using 'standard' format.
[    0.000000] e820: BIOS-provided physical RAM map:
[    0.000000] BIOS-e820: [mem 0x0000000000000000-0x000000000009fbff] usable
[    0.000000] BIOS-e820: [mem 0x000000000009fc00-0x000000000009ffff] reserved
[    0.000000] BIOS-e820: [mem 0x00000000000f0000-0x00000000000fffff] reserved
[    0.000000] BIOS-e820: [mem 0x0000000000100000-0x000000003ffeffff] usable
[    0.000000] BIOS-e820: [mem 0x000000003fff0000-0x000000003fffffff] ACPI data
[    0.000000] BIOS-e820: [mem 0x00000000fec00000-0x00000000fec00fff] reserved
[    0.000000] BIOS-e820: [mem 0x00000000fee00000-0x00000000fee00fff] reserved
[    0.000000] BIOS-e820: [mem 0x00000000fffc0000-0x00000000ffffffff] reserved
[    0.000000] NX (Execute Disable) protection: active
[    0.00000] SMBIOS 2.5 present.
[    0.000000] DMI: innotek GmbH VirtualBox/VirtualBox, BIOS VirtualBox 12/01/2006
[    0.000000] Hypervisor detected: KVM
[    0.000000] e820: last_pfn = 0x3fff0 max_arch_pfn = 0x400000000
[    0.000000] MTRR: Disabled
[    0.000000] x86/PAT: MTRRs disabled, skipping PAT initialization too.
[    0.000000] CPU MRRs all blank - virtualized system.
[    0.000000] x86/PAT: Configuration [0-7]: WB  WT  UC- UC  WB  WT  UC- UC  
[    0.000000] found SMP MP-table at [mem 0x0009fff0-0x0009ffff] mapped at [        (ptrval)]
[   .000000] Scanning 1 areas for low memory corruption
[    0.000000] RAMDISK: [mem 0x359cf000-0x36cdefff]
[    0.000000] ACPI: Early table checksum veriication disabled
[    0.00000]ACPI: RSDP 0x00000000000E0000 000024 (v02 VBOX )
[    0.000000] ACPI: XSD 0x000000003FFF0030 00003C (v01 VBOX   VBOXXSDT 00000001 ASL  00000061)
[    0.00000] ACPI: FACP x000000003FFF00F 0000F4 (v04 VBOX  VBXFACP 00000001 ASL  0000001)
[    0.00000] ACPI: DSDT 0x000000003FFF0470 0021FF (v02 VBOX  VBOXBIOS 0000002 INTL 2010028)
[    0000000] ACPI: FACS 0x00000003FFF0200 00040
[    0.000000] ACP: FACS 0x000000003FF0200 000040
[    0.000000] ACPI: APIC 0000000003FFF0240 00005C (v02 VBOX   VBOXAPIC 00000001 ASL  00000061)
[    0.00000] ACPI: SSDT 0x00000003FFF02A 0001CC (v01 VBOX   VBOXCPUT 00000002 INTL 20100528)
[    0.000000] No NUMA configuration found
[    0.000000] Faking a node at [mem 0x0000000000000000-0x000000003ffeffff]
[    0.000000] NODE_DATA(0) allocated [mem 0x3ffc5000-0x3ffeffff]
[    0.000000] kvm-clock: cpu 0, msr 0:3ff44001, primary cpu clock
[    0.00000] kvmclock: Using msrs 4b564d1 and 4b564d00
[    00000000] kvm-clock using sced offset of 6536277011 cycles
[    0.000000] clocksource: kvm-clock: mask: 0xffffffffffffffff max_cycles: 0x1cd42e4dffb, max_idle_ns: 881590591483 ns
[    0.000000] Zone ranges:
[    0.000000]   DMA      [mem 0x0000000000001000-0x0000000000ffffff]
[    0.000000]   DMA32    [mem 0x0000000001000000-0x000000003ffeffff]
[    0.000000]   Normal   empty
[    0.000000]   Device   empty
[    0.000000] Movable zone start for each node
[    0.000000] Early memory node ranges
[    0.000000]   node   0: [mem 0x0000000000001000-0x000000000009efff]
[    0.000000]   node   0: [mem 0x0000000000100000-0x000000003ffeffff]
[    0.000000] Reserved but unavailable: 114 pages
[    0.000000] Initmem setup node 0 [mem 0x0000000000001000-0x000000003ffeffff]
[    0.000000] ACPI: PM-Timer IO Port: 0x4008
[    0.000000] IOAPIC[0]: apic_id 2, version 32, address 0xfec00000, GSI 0-23
[    0.000000] ACPI: INT_SRC_OVR (bus 0 bus_irq 0 global_irq 2 dfl dfl)
[    0.000000] ACPI: INT_SRC_OVR (bus 0 bus_irq 9 global_irq 9 low level)
[    0.000000] Using ACPI (MADT) for SMP configuration information
[    0.000000] smpboot: Allowing 2 CPUs, 0 hotplug CPUs
[    0.000000] PM: Registered nosave memory: [mem 0x00000000-0x00000fff]
[    0.000000] PM: Registered nosave memory: [mem 0x0009f000-0x0009ffff]
[    0.000000] PM: Registered nosave memory: [mem 0x000a0000-0x000effff]
[    0.000000] PM: Registered nosave memory: [mem 0x000f0000-0x000fffff]
[    0.000000] e820: [mem 0x40000000-0xfebfffff] available for PCI devices
[    0.000000] Booting paravirtualized kernel on KVM
[    0.000000] clocksource: refined-jiffies: mask: 0xffffffff max_cycles: 0xffffffff, max_idle_ns: 7645519600211568 ns
[    0.000000] random: get_random_bytes called from start_kernel+0x99/0x4fd with crng_init=0
[    0.000000] setup_percpu: NR_CPUS:8192 nr_cpumask_bits:2 nr_cpu_ids:2 nr_node_ids:1
[    0.000000] percpu: Embedded 46 pages/cpu @        (ptrval) s151552 r8192 d28672 u1048576
[    0.000000] PV qspinlock hash table entries: 256 (order: 0, 4096 bytes)
[    0.000000] Built 1 zonelists, mobility grouping on.  Total pages: 257913
[    0.000000] Policy zone: DMA32
[    0.000000] Kernel command line: BOOT_IMAGE=/boot/vmlinuz-4.15.0-54-generic root=UUID=577683f3-be87-44b1-87ee-623fe35e3c71 ro console=tty1 console=ttyS0
[    0.00000] Memory: 98364K/1048120K available (1300K kernl code, 2473K rwdata, 4272K rodata, 2408K init, 2416K bss, 65056K reserved, 0K cma-reserved)
[    0.000000] SLUB: HWalign=64, Order=0-3, MiObjects=, CPUs=2, Nodes1
[    0.00000] Kernel/User pge tabls isolation: enabed
[    0.00000] ftrace: allocating 9216entries in 154 pages
[    0.004000] ierarchcal RCU impleentatio.
[    0.004000] 	RCU restricting CPUs from NR_CPUS=8192 to nr_cpu_ids=2.
[    0.004000] 	Tasks RCU enabled.
[    0.004000] RCU: Adjusting geometry for rcu_fanout_leaf=16, nr_cpu_ids=2
[    0.04000] R_IRQS: 524544, n_irqs: 44, preallocated rqs: 16
[    0.004000] Console: clour VGA+ 80x25
[    0.004000] console [tty1] enabled
[    0.004000] console [ttyS0] enabled
[    0.00400] ACPI: Corerevisin 20170831[     0.004000] ACPI: 2 ACPI AML tablessuccessully acquired and loadd
[    0.004000] APIC: Switchto symmetric I/O mode setup
[    0.004293] x2apic enabled
[    0.008006] Switched APIC routing to physical x2apic.
[    0.013120] ..TIMER: vector=0x30 apic1=0 pin1=2 apic2=-1 pin2=-1
[    0.016006] tsc: Detected 1800.000 MHz processor
[    0.017872] Calibrating delay loop (skipped) preset value.. 3600.00 BogoMIPS (lpj=7200000)
[    0.020009] pid_max: default: 32768 minimum: 301
[    0.024046] Security Framework initialized
[    0.025875] Yama: becoming mindful.
[    0.027455] AppArmor: AppArmor initialized
[    0.030112] Dentry cache hash table entries: 131072 (order: 8, 1048576 bytes)
[    0.032089] Inode-cache hash table entries: 65536 (order: 7, 524288 bytes)
[    0.036025] Mount-cache hash table entries: 2048 (order: 2, 16384 bytes)
[    0.040012] Mountpoint-cache hash table entries: 2048 (order: 2, 16384 bytes)
[    0.043095] mce: CPU supports 0 MCE banks
[    0.044027] Last level iTLB entries: 4KB 64, 2MB 8, 4MB 8
[    0.046216] Last level dTLB entries: 4KB 64, 2MB 0, 4MB 0, 1GB 4
[    0.048010] Spectre V2 : Mitigation: Full generic retpoline
[    0.052007] Spectre V2 : Spectre v2 / SpectreRSB mitigation: Filling RSB on context switch
[    0.056009] Speculative Store Bypass: Vulnerable
[    0.060110] MDS: Vulnerable: Clear CPU buffers attempted, no microcode
[    0.064177] Freeing SMP alternatives memory: 36K
[    0.072000] smpboot: CPU0: Intel(R) Core(TM) i5-5350U CPU @ 1.80GHz (family: 0x6, model: 0x3d, stepping: 0x4)
[    0.072105] Performance Events: unsupported p6 CPU model 61 no PMU driver, software events only.
[    0.076047] Hierarchical SRCU implementation.
[    0.084238] NMI watchdog: Perf event create on CPU 0 failed with -2
[    0.088024] NMI watchdog: Perf NMI watchdog permanently disabled
[    0.092085] smp: Bringing up secondary CPUs ...
[    0.093901] x86: Booting SMP configuration:
[    0.096003] .... node  #0, CPUs:      #1
[    0.004000] kvm-clock: cpu 1, msr 0:3ff44041, secondary cpu clock
[    0.004000] mce: CPU supports 0 MCE banks
[    0.104009] smp: Brought up 1 node, 2 CPUs
[    0.108007] smpboot: Max logical packages: 1
[    0.112006] smpboot: Total of 2 processors activated (7200.00 BogoMIPS)
[    0.116176] devtmpfs: initialized
[    0.120065] x86/mm: Memory block size: 128MB
[    0.124171] evm: security.selinux
[    0.128009] evm: security.SMACK64
[    0.132004] evm: security.SMACK64EXEC
[    0.136005] evm: security.SMACK64TRANSMUTE
[    0.140004] evm: security.SMACK64MMAP
[    0.144004] evm: security.apparmor
[    0.148004] evm: security.ima
[    0.152004] evm: security.capability
[    0.156129] clocksource: jiffies: mask: 0xffffffff max_cycles: 0xffffffff, max_idle_ns: 7645041785100000 ns
[    0.160011] futex hash table entries: 512 (order: 3, 32768 bytes)
[    0.164091] pinctrl core: initialized pinctrl subsystem
[    0.169875] RTC time: 11:05:15, date: 07/08/19
[    0.172223] NET: Registered protocol family 16
[    0.176091] audit: initializing netlink subsys (disabled)
[    0.180068] audit: type=2000 audit(1562583920.665:1): state=initialized audit_enabled=0 res=1
[    0.216012] cpuidle: using governor ladder
[    0.220013] cpuidle: using governor menu
[    0.224058] ACPI: bus type PCI registered
[    0.228004] acpiphp: ACPI Hot Plug PCI Controller Driver version: 0.5
[    0.232155] PCI: Using configuration type 1 for base access
[    0.240067] HugeTLB registered 2.00 MiB page size, pre-allocated 0 pages
[    0.244272] ACPI: Added _OSI(Module Device)
[    0.248022] ACPI: Added _OSI(Processor Device)
[    0.252014] ACPI: Added _OSI(3.0 _SCP Extensions)
[    0.256006] ACPI: Added _OSI(Processor Aggregator Device)
[    0.260006] ACPI: Added _OSI(Linux-Dell-Video)
[    0.264007] ACPI: Added _OSI(Linux-Lenovo-NV-HDMI-Audio)
[    0.268006] ACPI: Added _OSI(Linux-HPI-Hybrid-Graphics)
[    0.272526] ACPI: Executed 1 blocks of module-level executable AML code
[    0.281559] ACPI: Interpreter enabled
[    0.284018] ACPI: (supports S0 S5)
[    0.288005] ACPI: Using IOAPIC for interrupt routing
[    0.292272] PCI: Using host bridge windows from ACPI; if necessary, use "pci=nocrs" and report a bug
[    0.296278] ACPI: Enabled 2 GPEs in block 00 to 07
[    0.309660] ACPI: PCI Root Bridge [PCI0] (domain 0000 [bus 00-ff])
[    0.312013] acpi PNP0A03:00: _OSC: OS supports [ASPM ClockPM Segments MSI]
[    0.316042] acpi PNP0A03:00: _OSC: not requesting OS control; OS requires [ExtendedConfig ASPM ClockPM MSI]
[    0.320024] acpi PNP0A03:00: fail to add MMCONFIG information, can't access extended PCI configuration space under this bridge.
[    0.324701] PCI host bridge to bus 0000:00
[    0.328008] pci_bus 0000:00: root bus resource [io  0x0000-0x0cf7 window]
[    0.330050] pci_bus 0000:00: root bus resource [io  0x0d00-0xffff window]
[    0.332011] pci_bus 0000:00: root bus resource [mem 0x000a0000-0x000bffff window]
[    0.334639] pci_bus 0000:00: root bus resource [mem 0x40000000-0xfdffffff window]
[    0.336009] pci_bus 0000:00: root bus resource [bus 00-ff]
[    0.344722] pci 0000:00:01.1: legacy IDE quirk: reg 0x10: [io  0x01f0-0x01f7]
[    0.347785] pci 0000:00:01.1: legacy IDE quirk: reg 0x14: [io  0x03f6]
[    0.348008] pci 0000:00:01.1: legacy IDE quirk: reg 0x18: [io  0x0170-0x0177]
[    0.352009] pci 0000:00:01.1: legacy IDE quirk: reg 0x1c: [io  0x0376]
[    0.401211] pci 0000:00:07.0: quirk: [io  0x4000-0x403f] claimed by PIIX4 ACPI
[    0.404083] pci 0000:00:07.0: quirk: [io  0x4100-0x410f] claimed by PIIX4 SMB
[    0.439561] ACPI: PCI Interrupt Link [LNKA] (IRQs 5 9 10 *11)
[    0.440490] ACPI: PCI Interrupt Link [LNKB] (IRQs 5 9 *10 11)
[    0.444221] ACPI: PCI Interrupt Link [LNKC] (IRQs 5 *9 10 11)
[    0.448220] ACPI: PCI Interrupt Link [LNKD] (IRQs 5 9 10 *11)
[    0.452575] SCSI subsystem initialized
[    0.456085] pci 0000:00:02.0: vgaarb: setting as boot VGA device
[    0.460000] pci 0000:00:02.0: vgaarb: VGA device added: decodes=io+mem,owns=io+mem,locks=none
[    0.460015] pci 0000:00:02.0: vgaarb: bridge control possible
[    0.464007] vgaarb: loaded
[    0.465145] ACPI: bus type USB registered
[    0.468032] usbcore: registered new interface driver usbfs
[    0.472032] usbcore: registered new interface driver hub
[    0.476053] usbcore: registered new device driver usb
[    0.480102] EDAC MC: Ver: 3.0.0
[    0.484445] PCI: Using ACPI for IRQ routing
[    0.492071] NetLabel: Initializing
[    0.496004] NetLabel:  domain hash size = 128
[    0.500007] NetLabel:  protocols = UNLABELED CIPSOv4 CALIPSO
[    0.504029] NetLabel:  unlabeled traffic allowed by default
[    0.505736] clocksource: Switched to clocksource kvm-clock
[    0.523103] VFS: Disk quotas dquot_6.6.0
[    0.524791] VFS: Dquot-cache hash table entries: 512 (order 0, 4096 bytes)
[    0.527603] AppArmor: AppArmor Filesystem Enabled
[    0.529524] pnp: PnP ACPI init
[    0.5671]pnp: PnP CP found 3 evices
[    0.79319] coccksource: acpi_m: mask 0xfffff max_ycles: xffffff, ax_ile_ns: 28570102 ns
[    1.04487] NE: Regisered protocol family 2
[    1.100202] TCPestablihed has table entries:8192 (order: 4, 65536 bytes)
[    1.22034] TCPbind hash table entries: 8192 (order: 5, 131072 bytes)
[    1.276490] TCP: Hash tables configured (established 8192 bind 8192)
[    1.279412] UDP hash table entries: 512 (order: 2, 16384 bytes)
[    1.282700] UDP-Lite hash table entries: 512 (order: 2, 16384 bytes)
[    1.285440] NET: Registered protocol family 1
[    1.287644] pci 0000:00:00.0: Limiting direct PCI/PCI transfers
[    1.291408] ci 0000:00:01.0: Activating ISA DMA hang workarounds
[    1.345247] pci 0000:00:02.0: Video device with shadowed ROM at [mem 0x000c0000-0x000dffff]
[    1.349939] Unpacking initramfs...

[    1.675534] Freeing initrd memory: 19520K
[    1.696977] clocksource: tsc: mask: 0xffffffffffffffff max_cycles: 0x19f2297dd97, max_idle_ns: 440795236593 ns
[    1.768821] platform rtc_cmos: registered platform RTC device (no PNP device found)
[    1.776779] Scanning for low memory corruption every 60 seconds
[    1.802318] Initialise system trusted keyrings
[    1.816747] Key type blacklist registered
[    1.832876] workingset: timestamp_bits=36 max_order=18 bucket_order=0
[    1.857742] zbud: loaded
[    1.860774] squashfs: version 4.0 (2009/01/31) Phillip Lougher
[    1.884576] fuse init (API version 7.26)
[    1.909041] Key type asymmetric registered
[    1.910320] Asymmetric key parser 'x509' registered
[    1.911847] Block layer SCSI generic (bsg) driver version 0.4 loaded (major 246)
[    1.916160] io scheduler noop registered
[    1.932895] io scheduler deadline registered
[    1.941975] io scheduler cfq registered (default)
[    1.944182] ACPI: AC Adapter [AC] (off-line)
[    1.945569] input: Power Button as /devices/LNXSYSTM:00/LNXPWRBN:00/input/input0
[    1.952780] ACPI: Power Button [PWRF]
[    1.963720] input: Sleep Button as /devices/LNXSYSTM:00/LNXSLPBN:00/input/input1
[    1.982146] ACPI: Sleep Button [SLPF]
[    1.985349] ACPI: Battery Slot [BAT0] (battery present)
[    1.987204] Serial: 8250/16550 driver, 32 ports, IRQ sharing enabled
[    2.01591] 00:02:ttyS0 atI/O 0x3f8 (rq = 4, basebaud = 15200) is  16550A

[    2.214389] Linux agpgart interface v0.103
[    2.217760] loop: module loaded
[    2.219442] scsi host0: ata_piix
[    2.220796] scsi host1: ata_piix
[    2.232985] ata1: PATA max UDMA/33 cmd 0x1f0 ctl 0x3f6 bmdma 0xd000 irq 14
[    2.268746] ata2: PATA max UDMA/33 cmd 0x170 ctl 0x376 bmdma 0xd008 irq 15
[    2.297026] libphy: Fixed MDIO Bus: probed
[    2.304629] tun: Universal TUN/TAP device driver, 1.6
[    2.309405] PPP generic driver version 2.4.2
[    2.328900] ehci_hcd: USB 2.0 'Enhanced' Host Controller (EHCI) Driver
[    2.344687] ehci-pci: EHCI PCI platform driver
[    2.360906] ehci-platform: EHCI generic platform driver
[    2.381294] ohci_hcd: USB 1.1 'Open' Host Controller (OHCI) Driver
[    2.383704] ohci-pci: OHCI PCI platform driver
[    2.385302] ohci-platform: OHCI generic platform driver
[    2.390206] uhci_hcd: USB Universal Host Controller Interface driver
[    2.392204] i8042: PNP: PS/2 Controller [PNP0303:PS2K,PNP0f03:PS2M] at 0x60,0x64 irq 1,12
[    2.395238] serio: i8042 KBD port at 0x60,0x64 irq 1
[    2.396936] serio: i8042 AUX port at 0x60,0x64 irq 12
[    2.399005] mousedev: PS/2 mouse device common for all mice
[    2.402097] rtc_cmos rtc_cmos: rtc core: registered rtc_cmos as rtc0
[    2.404228] input: AT Translated Set 2 keyboard as /devices/platform/i8042/serio0/input/input2
[    2.407392] rtc_cmos rtc_cmos: alarms up to one day, 114 bytes nvram
[    2.410418] i2c /dev entries driver
[    2.414056] device-mapper: uevent: version 1.0.3
[    2.416354] device-mapper: ioctl: 4.37.0-ioctl (2017-09-20) initialised: dm-devel@redhat.com
[    2.421135] ledtrig-cpu: registered to indicate activity on CPUs
[    2.426089] NET: Registered protocol family 10
[    2.441796] Segment Routing with IPv6
[    2.444468] NET: Registered protocol family 17
[    2.447508] Key type dns_resolver registered
[    2.451486] RAS: Correctable Errors collector initialized.
[    2.455462] sched_clock: Marking stable (2455349788, 0)->(6122270457, -3666920669)
[    2.464474] registered taskstats version 1
[    2.467401] Loading compiled-in X.509 certificates
[    2.477626] Loaded X.509 cert 'Build time autogenerated kernel key: 1cc14bc8298a06d551159822c55fa35abd77a621'
[    2.495756] zswap: loaded using pool lzo/zbud
[    2.519127] Key type big_key registered
[    2.528815] Key type trusted registered
[    2.551363] Key type encrypted registered
[    2.561242] AppArmor: AppArmor sha1 policy hashing enabled
[    2.570349] ima: No TPM chip found, activating TPM-bypass! (rc=-19)
[    2.582571] ima: Allocated hash algorithm: sha1
[    2.600553] evm: HMAC attrs: 0x1
[    2.606482]   Magic number: 11:285:74
[    2.618843] rtc_cmos rtc_cmos: setting system clock to 2019-07-08 11:05:18 UTC (1562583918)
[    2.649306] BIOS EDD facility v0.16 2004-Jun-25, 0 devices found
[    2.658050] EDD information not available.
[    2.675357] Freeing unused kernel image memory: 2408K
[    2.702218] Write protecting the kernel read-only data: 20480k
[    2.783198] Freeing unused kernel image memory: 2008K
[    2.797950] Freeing unused kernel image memory: 1872K
[    2.819856] x86/mm: Checked W+X mappings: passed, no W+X pages found.
[    2.841551] x86/mm: Checking user space page tables
[    2.867750] x86/mm: Checked W+X mappings: passed, no W+X pages found.
Loading, please wait...
starting version 237
[    2.966982] e1000: Intel(R) PRO/1000 Network Driver - version 7.3.21-k8-NAPI
[    2.981849] e1000: Copyright (c) 1999-2006 Intel Corporation.
[    2.983858] Fusion MPT base driver 3.04.20
[    2.985760] Copyright (c) 1999-2008 LSI Corporation
[    3.009242] AVX2 version of gcm_enc/dec engaged.
[    3.010801] AES CTR mode by8 optimization enabled
[    3.013058] Fusion MPT SPI Host driver 3.04.20
[    3.199990] input: ImExPS/2 Generic Explorer Mouse as /devices/platform/i8042/serio1/input/input4
[    3.434412] e1000 0000:00:03.0 eth0: (PCI:33MHz:32-bit) 02:04:86:c9:98:46
[    3.481567] e1000 0000:00:03.0 eth0: Intel(R) PRO/1000 Network Connection
[    3.994966] e1000 0000:00:08.0 eth1: (PCI:33MHz:32-bit) 08:00:27:2f:9e:51
[    4.031533] e1000 0000:00:08.0 eth1: Intel(R) PRO/1000 Network Connection
[    4.098861] e1000 0000:00:03.0 enp0s3: renamed from eth0
[    4.108748] mptbase: ioc0: Initiating bringup
[    4.125556] e1000 0000:00:08.0 enp0s8: renamed from eth1
[    4.220606] ioc0: LSI53C1030 A0: Capabilities={Initiator}
[    4.500103] scsi host2: ioc0: LSI53C1030 A0, FwRev=00000000h, Ports=1, MaxQ=256, IRQ=20
[    4.673741] scsi 2:0:0:0: Direct-Access     VBOX     HARDDISK         1.0  PQ: 0 ANSI: 5
[    4.708169] scsi target2:0:0: Beginning Domain Validation
[    4.716649] scsi target2:0:0: Domain Validation skipping write tests
[    4.720636] scsi target2:0:0: Ending Domain Validation
[    4.725966] scsi target2:0:0: asynchronous
[    4.730009] scsi 2:0:1:0: Direct-Access     VBOX     HARDDISK         1.0  PQ: 0 ANSI: 5
[    4.768389] scsi target2:0:1: Beginning Domain Validation
[    4.793736] random: fast init done
[    4.797205] scsi target2:0:1: Domain Validation skipping write tests
[    4.799061] scsi target2:0:1: Ending Domain Validation
[    4.800724] scsi target2:0:1: asynchronous
[    4.808258] random: systemd-udevd: uninitialized urandom read (16 bytes read)
[    4.810448] sd 2:0:0:0: Attached scsi generic sg0 type 0
[    4.810455] random: systemd-udevd: uninitialized urandom read (16 bytes read)
[    4.810460] random: systemd-udevd: uninitialized urandom read (16 bytes read)
[    4.810941] sd 2:0:0:0: [sda] 20971520 512-byte logical blocks: (10.7 GB/10.0 GiB)
[    4.812235] sd 2:0:0:0: [sda] Write Protect is off
[    4.812362] sd 2:0:0:0: [sda] Incomplete mode parameter data
[    4.812364] sd 2:0:0:0: [sda] Assuming drive cache: write through
[    4.814739]  sda: sda1
[    4.815528] sd 2:0:0:0: [sda] Attached SCSI disk
[    4.969090] sd 2:0:1:0: Attached scsi generic sg1 type 0
[    4.969380] sd 2:0:1:0: [sdb] 20480 512-byte logical blocks: (10.5 MB/10.0 MiB)
[    4.969512] sd 2:0:1:0: [sdb] Write Protect is off
[    4.969839] sd 2:0:1:0: [sdb] Incomplete mode parameter data
[    4.969840] sd 2:0:1:0: [sdb] Assuming drive cache: write through
[    4.972973] sd 2:0:1:0: [sdb] Attached SCSI disk
Begin: Loading essential drivers ... [    6.600287] raid6: sse2x1   gen()  9255 MB/s
[    6.664151] raid6: sse2x1   xor()  6538 MB/s
[    6.724167] raid6: sse2x2   gen() 11196 MB/s
[    6.788279] raid6: sse2x2   xor()  7153 MB/s
[    6.840307] raid6: sse2x4   gen() 12691 MB/s
[    6.888225] raid6: sse2x4   xor()  8413 MB/s
[    6.936129] raid6: avx2x1   gen() 12887 MB/s
[    6.984102] raid6: avx2x1   xor()  4681 MB/s
[    7.032382] raid6: avx2x2   gen() 17004 MB/s
[    7.096341] raid6: avx2x2   xor() 12678 MB/s
[    7.160314] raid6: avx2x4   gen() 23323 MB/s
[    7.220167] raid6: avx2x4   xor() 15202 MB/s
[    7.236655] raid6: using algorithm avx2x4 gen() 23323 MB/s
[    7.260597] raid6: .... xor() 15202 MB/s, rmw enabled
[    7.276686] raid6: using avx2x2 recovery algorithm
[    7.298277] xor: automatically using best checksumming function   avx       
[    7.314487] async_tx: api initialized (async)
done.
Begin: Running /scripts/init-premount ... done.
Begin: Mounting root file system ... Begin: Running /scripts/local-top ... done.
Begin: Running /scripts/local-premount ... [    7.378442] Btrfs loaded, crc32c=crc32c-intel
Scanning for Btrfs filesystems
done.
Warning: fsck not present, so skipping root file system
[    7.429813] EXT4-fs (sda1): INFO: recovery required on readonly filesystem
[    7.449089] EXT4-fs (sda1): write access will be enabled during recovery
[    7.685072] EXT4-fs (sda1): orphan cleanup on readonly fs
[    7.740279] EXT4-fs (sda1): 1 orphan inode deleted
[    7.761576] EXT4-fs (sda1): recovery complete
[    7.764702] EXT4-fs (sda1): mounted filesystem with ordered data mode. Opts: (null)
done.
Begin: Running /scripts/local-bottom ... done.
Begin: Running /scripts/init-bottom ... done.
[    8.188668] ip_tables: (C) 2000-2006 Netfilter Core Team
[    8.228267] systemd[1]: systemd 237 running in system mode. (+PAM +AUDIT +SELINUX +IMA +APPARMOR +SMACK +SYSVINIT +UTMP +LIBCRYPTSETUP +GCRYPT +GNUTLS +ACL +XZ +LZ4 +SECCOMP +BLKID +ELFUTILS +KMOD -IDN2 +IDN -PCRE2 default-hierarchy=hybrid)
[    8.287197] systemd[1]: Detected virtualization oracle.
[    8.309432] systemd[1]: Detected architecture x86-64.

Welcome to [1mUbuntu 18.04.2 LTS[0m!

[    8.366594] systemd[1]: Set hostname to <ubuntu-bionic>.
[    9.055091] systemd[1]: Reached target User and Group Name Lookups.
[[0;32m  OK  [0m] Reached target User and Group Name Lookups.
[    9.683137] systemd[1]: Created slice User and Session Slice.
[[0;32m  OK  [0m] Created slice User and Session Slice.
[    9.788113] systemd[1]: Started Forward Password Requests to Wall Directory Watch.
[[0;32m  OK  [0m] Started Forward Password Requests to Wall Directory Watch.
[    9.957282] systemd[1]: Reached target System Time Synchronized.
[[0;32m  OK  [0m] Reached target System Time Synchronized.
[    9.983501] systemd[1]: Set up automount Arbitrary Executable File Formats File System Automount Point.
[[0;32m  OK  [0m] Set up automount Arbitrary Executab…rmats File System Automount Point.
[   11.620187] systemd[1]: Reached target Swap.
[[0;32m  OK  [0m] Reached target Swap.
[[0;32m  OK  [0m] Created slice System Slice.
[[0;32m  OK  [0m] Listening on /dev/initctl Compatibility Named Pipe.
[[0;32m  OK  [0m] Listening on Syslog Socket.
[[0;32m  OK  [0m] Listening on udev Kernel Socket.
[[0;32m  OK  [0m] Listening on LVM2 poll daemon socket.
[[0;32m  OK  [0m] Created slice system-serial\x2dgetty.slice.
[[0;32m  OK  [0m] Listening on udev Control Socket.
[[0;32m  OK  [0m] Reached target Slices.
[[0;32m  OK  [0m] Listening on Journal Audit Socket.
[[0;32m  OK  [0m] Listening on Network Service Netlink Socket.
[[0;32m  OK  [0m] Listening on Device-mapper event daemon FIFOs.
[[0;32m  OK  [0m] Listening on Journal Socket (/dev/log).
[[0;32m  OK  [0m] Listening on LVM2 metadata daemon socket.
[[0;32m  OK  [0m] Listening on Journal Socket.
         Starting Create list of required st…ce nodes for the current kernel...
         Mounting POSIX Message Queue File System...
         Starting Monitoring of LVM2 mirrors…ng dmeventd or progress polling...
         Mounting Kernel Debug File System...
         Starting Remount Root and Kernel File Systems...
         Mounting Huge Pages File System...
         Starting Uncomplicated firewall...
         Starting Load Kernel Modules...
         Starting Set the console keyboard layout...
[   11.957389] EXT4-fs (sda1): re-mounted. Opts: (null)
         Starting udev Coldplug all Devices...
         Starting Journal Service...
[[0;32m  OK  [0m] Started Create list of required sta…vice nodes for the current kernel.
[[0;32m  OK  [0m] Mounted POSIX Message Queue File System.
[[0;32m  OK  [0m] Mounted Kernel Debug File System.
[[0;32m  OK  [0m] Started Remou[   12.003335] Loading iSCSI transport class v2.0-870.
nt Root and Kernel File Systems.
[[0;32m  OK  [0m] Mounted Huge Pages File System.
[[0;32m  OK  [0m] Started Uncomplicated firewall.
[[0;32m  OK  [0m] Started LVM2 metadata daemon.
         Starting Load/Save Random Seed...
         Starting Create Static Device Nodes in /dev...
[[0;32m  OK  [0m] Started Journal Service.
         Starting Flush Journal to Persistent Storage...
[[0;32m  OK  [0m] Started udev Coldplug all Devices.
[   12.137508] iscsi: registered transport (tcp)
[   12.167956] random: crng init done
[   12.169756] random: 7 urandom warning(s) missed due to ratelimiting
[[0;32m  OK  [0m] Started Monitoring of LVM2 mirrors,…sing dmeventd or progress polling.
[[0;32m  OK  [0m] Started Load/Save Random Seed.
[   12.255300] systemd-journald[412]: Received request to flush runtime journal from PID 1
[[0;32m  OK  [0m] Started Create Static Device Nodes in /dev.
         Starting udev Kernel Device Manager...
[   12.338998] iscsi: registered transport (iser)
[[0;32m  OK  [0m] Started Load Kernel Modules.
         Starting Apply Kernel Variables...
         Mounting Kernel Configuration File System...
         Mounting FUSE Control File System...
[[0;32m  OK  [0m] Mounted Kernel Configuration File System.
[[0;32m  OK  [0m] Mounted FUSE Control File System.
[[0;32m  OK  [0m] Started Apply Kernel Variables.
[[0;32m  OK  [0m] Started udev Kernel Device Manager.
[[0;32m  OK  [0m] Started Flush Journal to Persistent Storage.
[[0;32m  OK  [0m] Found device /dev/ttyS0.
[[0;32m  OK  [0m] Listening on Load/Save RF Kill Switch Status /dev/rfkill Watch.
[[0;32m  OK  [0m] Started Set the console keyboard layout.
[[0;32m  OK  [0m] Started Dispatch Password Requests to Console Directory Watch.
[[0;32m  OK  [0m] Reached target Local Encrypted Volumes.
[[0;32m  OK  [0m] Reached target Local File Systems (Pre).
         Mounting Mount unit for core, revision 7169...
         Mounting Mount unit for core, revision 7270...
         Mounting Mount unit for heroku, revision 3773...
         Mounting Mount unit for heroku, revision 3776...
[[0;32m  OK  [0m] Reached target Local File Systems.
         Starting AppArmor initialization...
         Starting Set console font and keymap...
         Starting ebtables ruleset management...
         Starting Tell Plymouth To Write Out Runtime Data...
         Starting Create Volatile Files and Directories...
[[0;32m  OK  [0m] Mounted Mount unit for core, revision 7169.
[[0;32m  OK  [0m] Started Tell Plymouth To Write Out Runtime Data.
[[0;32m  OK  [0m] Mounted Mount unit for heroku, revision 3776.
[[0;32m  OK  [0m] Started Set console font and keymap.
[[0;32m  OK  [0m] Mounted Mount unit for heroku, revision 3773.
[[0;32m  OK  [0m] Mounted Mount unit for core, revision 7270.
[[0;32m  OK  [0m] Started Create Volatile Files and Directories.
         Starting Update UTMP about System Boot/Shutdown...
[[0;32m  OK  [0m] Started Update UTMP about System Boot/Shutdown.
[[0;32m  OK  [0m] Started ebtables ruleset management.
[[0;32m  OK  [0m] Started AppArmor initialization.
         Starting Initial cloud-init job (pre-networking)...
[   17.478437] cloud-init[732]: Cloud-init v. 18.5-45-g3554ffe8-0ubuntu1~18.04.1 running 'init-local' at Mon, 08 Jul 2019 11:05:33 +0000. Up 17.15 seconds.
[[0;32m  OK  [0m] Started Initial cloud-init job (pre-networking).
[[0;32m  OK  [0m] Reached target Network (Pre).
         Starting Network Service...
[[0;32m  OK  [0m] Started Network Service.
         Starting Wait for Network to be Configured...
         Starting Network Name Resolution...
[[0;32m  OK  [0m] Started Network Name Resolution.
[[0;32m  OK  [0m] Reached target Host and Network Name Lookups.
[[0;32m  OK  [0m] Reached target Network.
[[0;32m  OK  [0m] Started Wait for Network to be Configured.
         Starting Initial cloud-init job (metadata service crawler)...
[   20.061781] cloud-init[836]: Cloud-init v. 18.5-45-g3554ffe8-0ubuntu1~18.04.1 running 'init' at Mon, 08 Jul 2019 11:05:35 +0000. Up 19.90 seconds.
[   20.067782] cloud-init[836]: ci-info: ++++++++++++++++++++++++++++++++++++++Net device info+++++++++++++++++++++++++++++++++++++++
[   20.074130] cloud-init[836]: ci-info: +--------+------+-----------------------------+---------------+--------+-------------------+
[   20.078505] cloud-init[836]: ci-info: | Device |  Up  |           Address           |      Mask     | Scope  |     Hw-Address    |
[   20.108476] cloud-init[836]: ci-info: +--------+------+-----------------------------+---------------+--------+-------------------+
[   20.134753] cloud-init[836]: ci-info: | enp0s3 | True |          10.0.2.15          | 255.255.255.0 | global | 02:04:86:c9:98:46 |
[   20.146249] cloud-init[836]: ci-info: | enp0s3 | True |  fe80::4:86ff:fec9:9846/64  |       .       |  link  | 02:04:86:c9:98:46 |
[   20.168316] cloud-init[836]: ci-info: | enp0s8 | True |        192.168.33.10        | 255.255.255.0 | global | 08:00:27:2f:9e:51 |
[   20.189166] cloud-init[836]: ci-info: | enp0s8 | True | fe80::a00:27ff:fe2f:9e51/64 |       .       |  link  | 08:00:27:2f:9e:51 |
[   20.204317] cloud-init[836]: ci-info: |   lo   | True |          127.0.0.1          |   255.0.0.0   |  host  |         .         |
[   20.211703] cloud-init[836]: ci-info: |   lo   | True |           ::1/128           |       .       |  host  |         .         |
[   20.225748] cloud-init[836]: ci-info: +--------+------+-----------------------------+---------------+--------+-------------------+
[   20.236710] cloud-init[836]: ci-info: +++++++++++++++++++++++++++++Route IPv4 info+++++++++++++++++++++++++++++
[   20.250265] cloud-init[836]: ci-info: +-------+--------------+----------+-----------------+-----------+-------+
[   20.259715] cloud-init[836]: ci-info: | Route | Destination  | Gateway  |     Genmask     | Interface | Flags |
[   20.269401] cloud-init[836]: ci-info: +-------+--------------+----------+-----------------+-----------+-------+
[   20.273045] cloud-init[836]: ci-info: |   0   |   0.0.0.0    | 10.0.2.2 |     0.0.0.0     |   enp0s3  |   UG  |
[   20.285792] cloud-init[836]: ci-info: |   1   |   10.0.2.0   | 0.0.0.0  |  255.255.255.0  |   enp0s3  |   U   |
[   20.301562] cloud-init[836]: ci-info: |   2   |   10.0.2.2   | 0.0.0.0  | 255.255.255.255 |   enp0s3  |   UH  |
[   20.313201] cloud-init[836]: ci-info: |   3   | 192.168.33.0 | 0.0.0.0  |  255.255.255.0  |   enp0s8  |   U   |
[   20.325959] cloud-init[836]: ci-info: +-------+--------------+----------+-----------------+-----------+-------+
[   20.329389] cloud-init[836]: ci-info: +++++++++++++++++++Route IPv6 info+++++++++++++++++++
[   20.337974] cloud-init[836]: ci-info: +-------+-------------+---------+-----------+-------+
[   20.344845] cloud-init[836]: ci-info: | Route | Destination | Gateway | Interface | Flags |
[   20.349129] cloud-init[836]: ci-info: +-------+-------------+---------+-----------+-------+
[   20.352544] cloud-init[836]: ci-info: |   1   |  fe80::/64  |    ::   |   enp0s8  |   U   |
[   20.360038] cloud-init[836]: ci-info: |   2   |  fe80::/64  |    ::   |   enp0s3  |   U   |
[   20.365018] cloud-init[836]: ci-info: |   4   |    local    |    ::   |   enp0s3  |   U   |
[   20.367539] cloud-init[836]: ci-info: |   5   |    local    |    ::   |   enp0s8  |   U   |
[   20.374818] cloud-init[836]: ci-info: |   6   |   ff00::/8  |    ::   |   enp0s8  |   U   |
[   20.397232] cloud-init[836]: ci-info: |   7   |   ff00::/8  |    ::   |   enp0s3  |   U   |
[   20.412399] cloud-init[836]: ci-info: +-------+-------------+---------+-----------+-------+
[[0;32m  OK  [0m] Started Initial cloud-init job (metadata service crawler).
[[0;32m  OK  [0m] Reached target Cloud-config availability.
[[0;32m  OK  [0m] Reached target System Initialization.
[[0;32m  OK  [0m] Listening on Open-iSCSI iscsid Socket.
[[0;32m  OK  [0m] Listening on ACPID Listen Socket.
[[0;32m  OK  [0m] Listening on D-Bus System Message Bus Socket.
[[0;32m  OK  [0m] Listening on UUID daemon activation socket.
[[0;32m  OK  [0m] Started Discard unused blocks once a week.
[[0;32m  OK  [0m] Started Daily Cleanup of Temporary Directories.
         Starting Socket activation for snappy daemon.
[[0;32m  OK  [0m] Started Daily apt download activities.
[[0;32m  OK  [0m] Started Daily apt upgrade and clean activities.
[[0;32m  OK  [0m] Started Message of the Day.
[[0;32m  OK  [0m] Reached target Timers.
[[0;32m  OK  [0m] Started ACPI Events Check.
[[0;32m  OK  [0m] Reached target Paths.
         Starting LXD - unix socket.
[[0;32m  OK  [0m] Reached target Network is Online.
[[0;32m  OK  [0m] Reached target Remote File Systems (Pre).
[[0;32m  OK  [0m] Reached target Remote File Systems.
         Starting Availability of block devices...
[[0;32m  OK  [0m] Listening on Socket activation for snappy daemon.
[[0;32m  OK  [0m] Listening on LXD - unix socket.
[[0;32m  OK  [0m] Started Availability of block devices.
[[0;32m  OK  [0m] Reached target Sockets.
[[0;32m  OK  [0m] Reached target Basic System.
         Starting Login Service...
[[0;32m  OK  [0m] Started Regular background program processing daemon.
[[0;32m  OK  [0m] Started irqbalance daemon.
[[0;32m  OK  [0m] Started D-Bus System Message Bus.
[[0;32m  OK  [0m] Started Login Service.
         Starting LXD - container startup/shutdown...
         Starting Accounts Service...
[[0;32m  OK  [0m] Started FUSE filesystem for LXC.
         Starting Permit User Sessions...
         Starting Dispatcher daemon for systemd-networkd...
[[0;32m  OK  [0m] Started Unattended Upgrades Shutdown.
[[0;32m  OK  [0m] Started Deferred execution scheduler.
         Starting OpenBSD Secure Shell server...
         Starting LSB: automatic crash report generation...
         Starting LSB: Record successful boot for GRUB...
         Starting System Logging Service...
         Starting vboxadd.service...
         Starting Snappy daemon...
[[0;32m  OK  [0m] Started System Logging Service.
[[0;32m  OK  [0m] Started Permit User Sessions.
         Starting Authorization Manager...
         Starting Hold until boot process finishes up...
         Starting Terminate Plymouth Boot Screen...
[[0;32m  OK  [0m] Started Terminate Plymouth Boot Screen.
[[0;32m  OK  [0m] Started Hold until boot process finishes up.
[[0;32m  OK  [0m] Started Serial Getty on ttyS0.
         Starting Set console scheme...
[[0;32m  OK  [0m] Started OpenBSD Secure Shell server.
[[0;32m  OK  [0m] Started Authorization Manager.
[[0;32m  OK  [0m] Started Accounts Service.
[[0;32m  OK  [0m] Started LSB: automatic crash report generation.
[[0;32m  OK  [0m] Started Set console scheme.
[[0;32m  OK  [0m] Created slice system-getty.slice.
[[0;32m  OK  [0m] Started Getty on tty1.
[[0;32m  OK  [0m] Reached target Login Prompts.
[[0;32m  OK  [0m] Started LSB: Record successful boot for GRUB.
[[0;32m  OK  [0m] Started LXD - container startup/shutdown.
[[0;32m  OK  [0m] Started Dispatcher daemon for systemd-networkd.
[[0;32m  OK  [0m] Created slice User Slice of vagrant.
[[0;32m  OK  [0m] Started vboxadd.service.
[[0;32m  OK  [0m] Started Session 1 of user vagrant.
         Starting vboxadd-service.service...
         Starting User Manager for UID 1000...
[[0;32m  OK  [0m] Started vboxadd-service.service.
[[0;32m  OK  [0m] Started User Manager for UID 1000.
[[0;32m  OK  [0m] Started Snappy daemon.
         Starting Wait until snapd is fully seeded...
[[0;32m  OK  [0m] Started Wait until snapd is fully seeded.
         Starting Apply the settings specified in cloud-config...
[[0;32m  OK  [0m] Reached target Multi-User System.
[[0;32m  OK  [0m] Reached target Graphical Interface.
         Starting Update UTMP about System Runlevel Changes...
[[0;32m  OK  [0m] Started Update UTMP about System Runlevel Changes.
[   24.958225] cloud-init[1317]: Cloud-init v. 18.5-45-g3554ffe8-0ubuntu1~18.04.1 running 'modules:config' at Mon, 08 Jul 2019 11:05:40 +0000. Up 24.81 seconds.
[[0;32m  OK  [0m] Started Apply the settings specified in cloud-config.
         Starting Execute cloud user/final scripts...
[   26.068493] cloud-init[1396]: Cloud-init v. 18.5-45-g3554ffe8-0ubuntu1~18.04.1 running 'modules:final' at Mon, 08 Jul 2019 11:05:41 +0000. Up 25.78 seconds.
[   26.099840] cloud-init[1396]: Cloud-init v. 18.5-45-g3554ffe8-0ubuntu1~18.04.1 finished at Mon, 08 Jul 2019 11:05:41 +0000. Datasource DataSourceNoCloud [seed=/dev/sdb][dsmode=net].  Up 26.04 seconds
[[0;32m  OK  [0m] Started Execute cloud user/final scripts.
[[0;32m  OK  [0m] Reached target Cloud-init target.

Ubuntu 18.04.2 LTS ubuntu-bionic ttyS0

ubuntu-bionic login: 